2026-03-14 11:45:17 INFO  TC001_AccountRegistrationTest:15 - *** Starting TC001_AccountRegistrationTest ***
2026-03-14 11:45:17 INFO  TC001_AccountRegistrationTest:20 - Clicked on MyAccount Link
2026-03-14 11:45:18 INFO  TC001_AccountRegistrationTest:22 - Clicked on Registrtation Link
2026-03-14 11:45:18 INFO  TC001_AccountRegistrationTest:25 - Providing Customer Details
2026-03-14 11:45:18 INFO  TC001_AccountRegistrationTest:38 - Validating expected message
2026-03-14 11:45:19 INFO  TC001_AccountRegistrationTest:53 - *** Finished TC001_AccountRegistrationTest ***
2026-03-14 11:45:21 INFO  TC002_LoginTest:14 - *** Starting TC002_LoginTest ***
2026-03-14 11:45:21 INFO  TC002_LoginTest:20 - Clicked on MyAccount
2026-03-14 11:45:21 INFO  TC002_LoginTest:22 - Clicked on Login
2026-03-14 11:45:21 INFO  TC002_LoginTest:28 - Entered on Login details
2026-03-14 11:45:21 INFO  TC002_LoginTest:30 - Clicked on Login
2026-03-14 11:45:22 INFO  TC002_LoginTest:41 - *** Finished TC002_LoginTest ***
2026-03-14 12:18:15 INFO  TC001_AccountRegistrationTest:15 - *** Starting TC001_AccountRegistrationTest ***
2026-03-14 12:18:15 INFO  TC001_AccountRegistrationTest:20 - Clicked on MyAccount Link
2026-03-14 12:18:15 INFO  TC001_AccountRegistrationTest:22 - Clicked on Registrtation Link
2026-03-14 12:18:15 INFO  TC001_AccountRegistrationTest:25 - Providing Customer Details
2026-03-14 12:18:16 INFO  TC001_AccountRegistrationTest:38 - Validating expected message
2026-03-14 12:18:17 INFO  TC001_AccountRegistrationTest:53 - *** Finished TC001_AccountRegistrationTest ***
2026-03-14 12:18:19 INFO  TC002_LoginTest:14 - *** Starting TC002_LoginTest ***
2026-03-14 12:18:19 INFO  TC002_LoginTest:20 - Clicked on MyAccount
2026-03-14 12:18:19 INFO  TC002_LoginTest:22 - Clicked on Login
2026-03-14 12:18:19 INFO  TC002_LoginTest:28 - Entered on Login details
2026-03-14 12:18:19 INFO  TC002_LoginTest:30 - Clicked on Login
2026-03-14 12:18:20 INFO  TC002_LoginTest:41 - *** Finished TC002_LoginTest ***
